# JRE version: OpenJDK Runtime Environment (11.0.10) (build 11.0.10+0-b96-7249189)
# Java VM: OpenJDK 64-Bit Server VM (11.0.10+0-b96-7249189, mixed mode, tiered, compressed oops, g1 gc, windows-amd64)
Heap:
 garbage-first heap   total 78848K, used 28603K [0x0000000080000000, 0x0000000100000000)
  region size 1024K, 14 young (14336K), 5 survivors (5120K)
 Metaspace       used 34629K, capacity 35421K, committed 35584K, reserved 1079296K
  class space    used 4514K, capacity 4833K, committed 4864K, reserved 1048576K
GC Heap History (18 events):
Event: 1.252 GC heap before
{Heap before GC invocations=0 (full 0):
 garbage-first heap   total 65536K, used 19456K [0x0000000080000000, 0x0000000100000000)
  region size 1024K, 14 young (14336K), 0 survivors (0K)
 Metaspace       used 6741K, capacity 6925K, committed 7168K, reserved 1056768K
  class space    used 582K, capacity 650K, committed 768K, reserved 1048576K
}
Event: 1.261 GC heap after
{Heap after GC invocations=1 (full 0):
 garbage-first heap   total 65536K, used 8220K [0x0000000080000000, 0x0000000100000000)
  region size 1024K, 2 young (2048K), 2 survivors (2048K)
 Metaspace       used 6741K, capacity 6925K, committed 7168K, reserved 1056768K
  class space    used 582K, capacity 650K, committed 768K, reserved 1048576K
}
Event: 1.839 GC heap before
{Heap before GC invocations=1 (full 0):
 garbage-first heap   total 65536K, used 15388K [0x0000000080000000, 0x0000000100000000)
  region size 1024K, 9 young (9216K), 2 survivors (2048K)
 Metaspace       used 9877K, capacity 10039K, committed 10368K, reserved 1058816K
  class space    used 1012K, capacity 1074K, committed 1152K, reserved 1048576K
}
Event: 1.845 GC heap after
{Heap after GC invocations=2 (full 0):
 garbage-first heap   total 65536K, used 8941K [0x0000000080000000, 0x0000000100000000)
  region size 1024K, 2 young (2048K), 2 survivors (2048K)
 Metaspace       used 9877K, capacity 10039K, committed 10368K, reserved 1058816K
  class space    used 1012K, capacity 1074K, committed 1152K, reserved 1048576K
}
Event: 2.966 GC heap before
{Heap before GC invocations=2 (full 0):
 garbage-first heap   total 65536K, used 33517K [0x0000000080000000, 0x0000000100000000)
  region size 1024K, 26 young (26624K), 2 survivors (2048K)
 Metaspace       used 11103K, capacity 11317K, committed 11520K, reserved 1058816K
  class space    used 1165K, capacity 1244K, committed 1280K, reserved 1048576K
}
Event: 2.972 GC heap after
{Heap after GC invocations=3 (full 0):
 garbage-first heap   total 65536K, used 9614K [0x0000000080000000, 0x0000000100000000)
  region size 1024K, 2 young (2048K), 2 survivors (2048K)
 Metaspace       used 11103K, capacity 11317K, committed 11520K, reserved 1058816K
  class space    used 1165K, capacity 1244K, committed 1280K, reserved 1048576K
}
Event: 4.082 GC heap before
{Heap before GC invocations=3 (full 0):
 garbage-first heap   total 65536K, used 43406K [0x0000000080000000, 0x0000000100000000)
  region size 1024K, 35 young (35840K), 2 survivors (2048K)
 Metaspace       used 13954K, capacity 14235K, committed 14592K, reserved 1062912K
  class space    used 1569K, capacity 1686K, committed 1792K, reserved 1048576K
}
Event: 4.091 GC heap after
{Heap after GC invocations=4 (full 0):
 garbage-first heap   total 65536K, used 14693K [0x0000000080000000, 0x0000000100000000)
  region size 1024K, 5 young (5120K), 5 survivors (5120K)
 Metaspace       used 13954K, capacity 14235K, committed 14592K, reserved 1062912K
  class space    used 1569K, capacity 1686K, committed 1792K, reserved 1048576K
}
Event: 6.180 GC heap before
{Heap before GC invocations=4 (full 0):
 garbage-first heap   total 65536K, used 42341K [0x0000000080000000, 0x0000000100000000)
  region size 1024K, 32 young (32768K), 5 survivors (5120K)
 Metaspace       used 19060K, capacity 19459K, committed 19712K, reserved 1067008K
  class space    used 2310K, capacity 2437K, committed 2560K, reserved 1048576K
}
Event: 6.193 GC heap after
{Heap after GC invocations=5 (full 0):
 garbage-first heap   total 65536K, used 16035K [0x0000000080000000, 0x0000000100000000)
  region size 1024K, 2 young (2048K), 2 survivors (2048K)
 Metaspace       used 19060K, capacity 19459K, committed 19712K, reserved 1067008K
  class space    used 2310K, capacity 2437K, committed 2560K, reserved 1048576K
}
Event: 6.532 GC heap before
{Heap before GC invocations=5 (full 0):
 garbage-first heap   total 65536K, used 27299K [0x0000000080000000, 0x0000000100000000)
  region size 1024K, 14 young (14336K), 2 survivors (2048K)
 Metaspace       used 20609K, capacity 21125K, committed 21248K, reserved 1067008K
  class space    used 2520K, capacity 2721K, committed 2816K, reserved 1048576K
}
Event: 6.538 GC heap after
{Heap after GC invocations=6 (full 0):
 garbage-first heap   total 78848K, used 16382K [0x0000000080000000, 0x0000000100000000)
  region size 1024K, 2 young (2048K), 2 survivors (2048K)
 Metaspace       used 20609K, capacity 21125K, committed 21248K, reserved 1067008K
  class space    used 2520K, capacity 2721K, committed 2816K, reserved 1048576K
}
Event: 7.321 GC heap before
{Heap before GC invocations=7 (full 0):
 garbage-first heap   total 78848K, used 48126K [0x0000000080000000, 0x0000000100000000)
  region size 1024K, 33 young (33792K), 2 survivors (2048K)
 Metaspace       used 23672K, capacity 24283K, committed 24576K, reserved 1071104K
  class space    used 3026K, capacity 3224K, committed 3328K, reserved 1048576K
}
Event: 7.330 GC heap after
{Heap after GC invocations=8 (full 0):
 garbage-first heap   total 78848K, used 17235K [0x0000000080000000, 0x0000000100000000)
  region size 1024K, 3 young (3072K), 3 survivors (3072K)
 Metaspace       used 23672K, capacity 24283K, committed 24576K, reserved 1071104K
  class space    used 3026K, capacity 3224K, committed 3328K, reserved 1048576K
}
Event: 8.583 GC heap before
{Heap before GC invocations=8 (full 0):
 garbage-first heap   total 78848K, used 50003K [0x0000000080000000, 0x0000000100000000)
  region size 1024K, 35 young (35840K), 3 survivors (3072K)
 Metaspace       used 26694K, capacity 27315K, committed 27392K, reserved 1073152K
  class space    used 3526K, capacity 3791K, committed 3840K, reserved 1048576K
}
Event: 8.593 GC heap after
{Heap after GC invocations=9 (full 0):
 garbage-first heap   total 78848K, used 18510K [0x0000000080000000, 0x0000000100000000)
  region size 1024K, 4 young (4096K), 4 survivors (4096K)
 Metaspace       used 26694K, capacity 27315K, committed 27392K, reserved 1073152K
  class space    used 3526K, capacity 3791K, committed 3840K, reserved 1048576K
}
Event: 9.830 GC heap before
{Heap before GC invocations=9 (full 0):
 garbage-first heap   total 78848K, used 52302K [0x0000000080000000, 0x0000000100000000)
  region size 1024K, 37 young (37888K), 4 survivors (4096K)
 Metaspace       used 31318K, capacity 32041K, committed 32128K, reserved 1077248K
  class space    used 4153K, capacity 4408K, committed 4480K, reserved 1048576K
}
Event: 9.848 GC heap after
{Heap after GC invocations=10 (full 0):
 garbage-first heap   total 78848K, used 20411K [0x0000000080000000, 0x0000000100000000)
  region size 1024K, 5 young (5120K), 5 survivors (5120K)
 Metaspace       used 31318K, capacity 32041K, committed 32128K, reserved 1077248K
  class space    used 4153K, capacity 4408K, committed 4480K, reserved 1048576K
}

