# JRE version: OpenJDK Runtime Environment (11.0.10) (build 11.0.10+0-b96-7249189)
# Java VM: OpenJDK 64-Bit Server VM (11.0.10+0-b96-7249189, mixed mode, tiered, compressed oops, g1 gc, windows-amd64)
Heap:
 garbage-first heap   total 138240K, used 57743K [0x0000000080000000, 0x0000000100000000)
  region size 1024K, 3 young (3072K), 3 survivors (3072K)
 Metaspace       used 66307K, capacity 67853K, committed 68044K, reserved 1107968K
  class space    used 8357K, capacity 8919K, committed 8960K, reserved 1048576K
GC Heap History (20 events):
Event: 6.829 GC heap after
{Heap after GC invocations=11 (full 0):
 garbage-first heap   total 78848K, used 22472K [0x0000000080000000, 0x0000000100000000)
  region size 1024K, 5 young (5120K), 5 survivors (5120K)
 Metaspace       used 34957K, capacity 35741K, committed 35840K, reserved 1081344K
  class space    used 4536K, capacity 4833K, committed 4864K, reserved 1048576K
}
Event: 7.439 GC heap before
{Heap before GC invocations=12 (full 0):
 garbage-first heap   total 78848K, used 54216K [0x0000000080000000, 0x0000000100000000)
  region size 1024K, 36 young (36864K), 5 survivors (5120K)
 Metaspace       used 37090K, capacity 37985K, committed 38220K, reserved 1083392K
  class space    used 4808K, capacity 5128K, committed 5248K, reserved 1048576K
}
Event: 7.458 GC heap after
{Heap after GC invocations=13 (full 0):
 garbage-first heap   total 95232K, used 25578K [0x0000000080000000, 0x0000000100000000)
  region size 1024K, 5 young (5120K), 5 survivors (5120K)
 Metaspace       used 37090K, capacity 37985K, committed 38220K, reserved 1083392K
  class space    used 4808K, capacity 5128K, committed 5248K, reserved 1048576K
}
Event: 8.308 GC heap before
{Heap before GC invocations=14 (full 0):
 garbage-first heap   total 95232K, used 66538K [0x0000000080000000, 0x0000000100000000)
  region size 1024K, 42 young (43008K), 5 survivors (5120K)
 Metaspace       used 40063K, capacity 40945K, committed 41036K, reserved 1085440K
  class space    used 5147K, capacity 5495K, committed 5504K, reserved 1048576K
}
Event: 8.323 GC heap after
{Heap after GC invocations=15 (full 0):
 garbage-first heap   total 95232K, used 27997K [0x0000000080000000, 0x0000000100000000)
  region size 1024K, 5 young (5120K), 5 survivors (5120K)
 Metaspace       used 40063K, capacity 40945K, committed 41036K, reserved 1085440K
  class space    used 5147K, capacity 5495K, committed 5504K, reserved 1048576K
}
Event: 9.022 GC heap before
{Heap before GC invocations=15 (full 0):
 garbage-first heap   total 95232K, used 66909K [0x0000000080000000, 0x0000000100000000)
  region size 1024K, 43 young (44032K), 5 survivors (5120K)
 Metaspace       used 43724K, capacity 44808K, committed 44876K, reserved 1087488K
  class space    used 5597K, capacity 5969K, committed 6016K, reserved 1048576K
}
Event: 9.039 GC heap after
{Heap after GC invocations=16 (full 0):
 garbage-first heap   total 95232K, used 29307K [0x0000000080000000, 0x0000000100000000)
  region size 1024K, 4 young (4096K), 4 survivors (4096K)
 Metaspace       used 43724K, capacity 44808K, committed 44876K, reserved 1087488K
  class space    used 5597K, capacity 5969K, committed 6016K, reserved 1048576K
}
Event: 9.971 GC heap before
{Heap before GC invocations=16 (full 0):
 garbage-first heap   total 95232K, used 68219K [0x0000000080000000, 0x0000000100000000)
  region size 1024K, 42 young (43008K), 4 survivors (4096K)
 Metaspace       used 46535K, capacity 47731K, committed 47948K, reserved 1091584K
  class space    used 5964K, capacity 6409K, committed 6528K, reserved 1048576K
}
Event: 9.986 GC heap after
{Heap after GC invocations=17 (full 0):
 garbage-first heap   total 95232K, used 31130K [0x0000000080000000, 0x0000000100000000)
  region size 1024K, 4 young (4096K), 4 survivors (4096K)
 Metaspace       used 46535K, capacity 47731K, committed 47948K, reserved 1091584K
  class space    used 5964K, capacity 6409K, committed 6528K, reserved 1048576K
}
Event: 11.006 GC heap before
{Heap before GC invocations=17 (full 0):
 garbage-first heap   total 95232K, used 77210K [0x0000000080000000, 0x0000000100000000)
  region size 1024K, 42 young (43008K), 4 survivors (4096K)
 Metaspace       used 47925K, capacity 49223K, committed 49356K, reserved 1091584K
  class space    used 6129K, capacity 6608K, committed 6656K, reserved 1048576K
}
Event: 11.024 GC heap after
{Heap after GC invocations=18 (full 0):
 garbage-first heap   total 114688K, used 48825K [0x0000000080000000, 0x0000000100000000)
  region size 1024K, 6 young (6144K), 6 survivors (6144K)
 Metaspace       used 47925K, capacity 49223K, committed 49356K, reserved 1091584K
  class space    used 6129K, capacity 6608K, committed 6656K, reserved 1048576K
}
Event: 12.154 GC heap before
{Heap before GC invocations=18 (full 0):
 garbage-first heap   total 114688K, used 86713K [0x0000000080000000, 0x0000000100000000)
  region size 1024K, 43 young (44032K), 6 survivors (6144K)
 Metaspace       used 52994K, capacity 54370K, committed 54604K, reserved 1097728K
  class space    used 6772K, capacity 7280K, committed 7296K, reserved 1048576K
}
Event: 12.163 GC heap after
{Heap after GC invocations=19 (full 0):
 garbage-first heap   total 114688K, used 50883K [0x0000000080000000, 0x0000000100000000)
  region size 1024K, 2 young (2048K), 2 survivors (2048K)
 Metaspace       used 52994K, capacity 54370K, committed 54604K, reserved 1097728K
  class space    used 6772K, capacity 7280K, committed 7296K, reserved 1048576K
}
Event: 13.094 GC heap before
{Heap before GC invocations=19 (full 0):
 garbage-first heap   total 114688K, used 87747K [0x0000000080000000, 0x0000000100000000)
  region size 1024K, 38 young (38912K), 2 survivors (2048K)
 Metaspace       used 59027K, capacity 60469K, committed 60748K, reserved 1101824K
  class space    used 7466K, capacity 8010K, committed 8064K, reserved 1048576K
}
Event: 13.101 GC heap after
{Heap after GC invocations=20 (full 0):
 garbage-first heap   total 114688K, used 52301K [0x0000000080000000, 0x0000000100000000)
  region size 1024K, 3 young (3072K), 3 survivors (3072K)
 Metaspace       used 59027K, capacity 60469K, committed 60748K, reserved 1101824K
  class space    used 7466K, capacity 8010K, committed 8064K, reserved 1048576K
}
Event: 13.757 GC heap before
{Heap before GC invocations=20 (full 0):
 garbage-first heap   total 114688K, used 78925K [0x0000000080000000, 0x0000000100000000)
  region size 1024K, 31 young (31744K), 3 survivors (3072K)
 Metaspace       used 62056K, capacity 63562K, committed 63692K, reserved 1103872K
  class space    used 7817K, capacity 8374K, committed 8448K, reserved 1048576K
}
Event: 13.773 GC heap after
{Heap after GC invocations=21 (full 0):
 garbage-first heap   total 114688K, used 55389K [0x0000000080000000, 0x0000000100000000)
  region size 1024K, 5 young (5120K), 5 survivors (5120K)
 Metaspace       used 62056K, capacity 63562K, committed 63692K, reserved 1103872K
  class space    used 7817K, capacity 8374K, committed 8448K, reserved 1048576K
}
Event: 14.204 GC heap before
{Heap before GC invocations=22 (full 0):
 garbage-first heap   total 114688K, used 72797K [0x0000000080000000, 0x0000000100000000)
  region size 1024K, 23 young (23552K), 5 survivors (5120K)
 Metaspace       used 63570K, capacity 65082K, committed 65228K, reserved 1105920K
  class space    used 8021K, capacity 8599K, committed 8704K, reserved 1048576K
}
Event: 14.217 GC heap after
{Heap after GC invocations=23 (full 0):
 garbage-first heap   total 114688K, used 57058K [0x0000000080000000, 0x0000000100000000)
  region size 1024K, 2 young (2048K), 2 survivors (2048K)
 Metaspace       used 63570K, capacity 65082K, committed 65228K, reserved 1105920K
  class space    used 8021K, capacity 8599K, committed 8704K, reserved 1048576K
}
Event: 15.065 GC heap before
{Heap before GC invocations=24 (full 0):
 garbage-first heap   total 114688K, used 88802K [0x0000000080000000, 0x0000000100000000)
  region size 1024K, 32 young (32768K), 2 survivors (2048K)
 Metaspace       used 66307K, capacity 67853K, committed 68044K, reserved 1107968K
  class space    used 8357K, capacity 8919K, committed 8960K, reserved 1048576K
}

