# JRE version: OpenJDK Runtime Environment (11.0.10) (build 11.0.10+0-b96-7249189)
# Java VM: OpenJDK 64-Bit Server VM (11.0.10+0-b96-7249189, mixed mode, tiered, compressed oops, g1 gc, windows-amd64)
Heap:
 garbage-first heap   total 114688K, used 30709K [0x0000000080000000, 0x0000000100000000)
  region size 1024K, 4 young (4096K), 4 survivors (4096K)
 Metaspace       used 46660K, capacity 47931K, committed 48204K, reserved 1091584K
  class space    used 5987K, capacity 6434K, committed 6528K, reserved 1048576K
GC Heap History (20 events):
Event: 2.595 GC heap after
{Heap after GC invocations=4 (full 0):
 garbage-first heap   total 65536K, used 15356K [0x0000000080000000, 0x0000000100000000)
  region size 1024K, 4 young (4096K), 4 survivors (4096K)
 Metaspace       used 13665K, capacity 14007K, committed 14208K, reserved 1062912K
  class space    used 1519K, capacity 1654K, committed 1664K, reserved 1048576K
}
Event: 3.895 GC heap before
{Heap before GC invocations=4 (full 0):
 garbage-first heap   total 65536K, used 39932K [0x0000000080000000, 0x0000000100000000)
  region size 1024K, 29 young (29696K), 4 survivors (4096K)
 Metaspace       used 18817K, capacity 19228K, committed 19328K, reserved 1067008K
  class space    used 2264K, capacity 2404K, committed 2432K, reserved 1048576K
}
Event: 3.903 GC heap after
{Heap after GC invocations=5 (full 0):
 garbage-first heap   total 78848K, used 16283K [0x0000000080000000, 0x0000000100000000)
  region size 1024K, 2 young (2048K), 2 survivors (2048K)
 Metaspace       used 18817K, capacity 19228K, committed 19328K, reserved 1067008K
  class space    used 2264K, capacity 2404K, committed 2432K, reserved 1048576K
}
Event: 4.171 GC heap before
{Heap before GC invocations=5 (full 0):
 garbage-first heap   total 78848K, used 30619K [0x0000000080000000, 0x0000000100000000)
  region size 1024K, 17 young (17408K), 2 survivors (2048K)
 Metaspace       used 20580K, capacity 21121K, committed 21248K, reserved 1067008K
  class space    used 2519K, capacity 2721K, committed 2816K, reserved 1048576K
}
Event: 4.176 GC heap after
{Heap after GC invocations=6 (full 0):
 garbage-first heap   total 78848K, used 16670K [0x0000000080000000, 0x0000000100000000)
  region size 1024K, 2 young (2048K), 2 survivors (2048K)
 Metaspace       used 20580K, capacity 21121K, committed 21248K, reserved 1067008K
  class space    used 2519K, capacity 2721K, committed 2816K, reserved 1048576K
}
Event: 4.673 GC heap before
{Heap before GC invocations=7 (full 0):
 garbage-first heap   total 78848K, used 47390K [0x0000000080000000, 0x0000000100000000)
  region size 1024K, 32 young (32768K), 2 survivors (2048K)
 Metaspace       used 23563K, capacity 24215K, committed 24320K, reserved 1071104K
  class space    used 3010K, capacity 3224K, committed 3328K, reserved 1048576K
}
Event: 4.679 GC heap after
{Heap after GC invocations=8 (full 0):
 garbage-first heap   total 78848K, used 17522K [0x0000000080000000, 0x0000000100000000)
  region size 1024K, 3 young (3072K), 3 survivors (3072K)
 Metaspace       used 23563K, capacity 24215K, committed 24320K, reserved 1071104K
  class space    used 3010K, capacity 3224K, committed 3328K, reserved 1048576K
}
Event: 5.317 GC heap before
{Heap before GC invocations=8 (full 0):
 garbage-first heap   total 78848K, used 49266K [0x0000000080000000, 0x0000000100000000)
  region size 1024K, 34 young (34816K), 3 survivors (3072K)
 Metaspace       used 26545K, capacity 27197K, committed 27392K, reserved 1073152K
  class space    used 3502K, capacity 3754K, committed 3840K, reserved 1048576K
}
Event: 5.326 GC heap after
{Heap after GC invocations=9 (full 0):
 garbage-first heap   total 78848K, used 18755K [0x0000000080000000, 0x0000000100000000)
  region size 1024K, 3 young (3072K), 3 survivors (3072K)
 Metaspace       used 26545K, capacity 27197K, committed 27392K, reserved 1073152K
  class space    used 3502K, capacity 3754K, committed 3840K, reserved 1048576K
}
Event: 6.073 GC heap before
{Heap before GC invocations=9 (full 0):
 garbage-first heap   total 78848K, used 51523K [0x0000000080000000, 0x0000000100000000)
  region size 1024K, 35 young (35840K), 3 survivors (3072K)
 Metaspace       used 30396K, capacity 31127K, committed 31232K, reserved 1077248K
  class space    used 4091K, capacity 4338K, committed 4352K, reserved 1048576K
}
Event: 6.082 GC heap after
{Heap after GC invocations=10 (full 0):
 garbage-first heap   total 78848K, used 20046K [0x0000000080000000, 0x0000000100000000)
  region size 1024K, 4 young (4096K), 4 survivors (4096K)
 Metaspace       used 30396K, capacity 31127K, committed 31232K, reserved 1077248K
  class space    used 4091K, capacity 4338K, committed 4352K, reserved 1048576K
}
Event: 6.683 GC heap before
{Heap before GC invocations=10 (full 0):
 garbage-first heap   total 78848K, used 33358K [0x0000000080000000, 0x0000000100000000)
  region size 1024K, 18 young (18432K), 4 survivors (4096K)
 Metaspace       used 34949K, capacity 35737K, committed 35840K, reserved 1081344K
  class space    used 4535K, capacity 4833K, committed 4864K, reserved 1048576K
}
Event: 6.699 GC heap after
{Heap after GC invocations=11 (full 0):
 garbage-first heap   total 95232K, used 22093K [0x0000000080000000, 0x0000000100000000)
  region size 1024K, 5 young (5120K), 5 survivors (5120K)
 Metaspace       used 34949K, capacity 35737K, committed 35840K, reserved 1081344K
  class space    used 4535K, capacity 4833K, committed 4864K, reserved 1048576K
}
Event: 7.411 GC heap before
{Heap before GC invocations=12 (full 0):
 garbage-first heap   total 95232K, used 56909K [0x0000000080000000, 0x0000000100000000)
  region size 1024K, 40 young (40960K), 5 survivors (5120K)
 Metaspace       used 37343K, capacity 38256K, committed 38476K, reserved 1083392K
  class space    used 4841K, capacity 5177K, committed 5248K, reserved 1048576K
}
Event: 7.426 GC heap after
{Heap after GC invocations=13 (full 0):
 garbage-first heap   total 95232K, used 25388K [0x0000000080000000, 0x0000000100000000)
  region size 1024K, 5 young (5120K), 5 survivors (5120K)
 Metaspace       used 37343K, capacity 38256K, committed 38476K, reserved 1083392K
  class space    used 4841K, capacity 5177K, committed 5248K, reserved 1048576K
}
Event: 8.158 GC heap before
{Heap before GC invocations=13 (full 0):
 garbage-first heap   total 95232K, used 65324K [0x0000000080000000, 0x0000000100000000)
  region size 1024K, 41 young (41984K), 5 survivors (5120K)
 Metaspace       used 40395K, capacity 41390K, committed 41676K, reserved 1085440K
  class space    used 5196K, capacity 5533K, committed 5632K, reserved 1048576K
}
Event: 8.171 GC heap after
{Heap after GC invocations=14 (full 0):
 garbage-first heap   total 95232K, used 27436K [0x0000000080000000, 0x0000000100000000)
  region size 1024K, 5 young (5120K), 5 survivors (5120K)
 Metaspace       used 40395K, capacity 41390K, committed 41676K, reserved 1085440K
  class space    used 5196K, capacity 5533K, committed 5632K, reserved 1048576K
}
Event: 8.899 GC heap before
{Heap before GC invocations=14 (full 0):
 garbage-first heap   total 95232K, used 65324K [0x0000000080000000, 0x0000000100000000)
  region size 1024K, 41 young (41984K), 5 survivors (5120K)
 Metaspace       used 43901K, capacity 44909K, committed 45132K, reserved 1089536K
  class space    used 5638K, capacity 6004K, committed 6016K, reserved 1048576K
}
Event: 8.916 GC heap after
{Heap after GC invocations=15 (full 0):
 garbage-first heap   total 95232K, used 28935K [0x0000000080000000, 0x0000000100000000)
  region size 1024K, 4 young (4096K), 4 survivors (4096K)
 Metaspace       used 43901K, capacity 44909K, committed 45132K, reserved 1089536K
  class space    used 5638K, capacity 6004K, committed 6016K, reserved 1048576K
}
Event: 9.854 GC heap before
{Heap before GC invocations=15 (full 0):
 garbage-first heap   total 95232K, used 66823K [0x0000000080000000, 0x0000000100000000)
  region size 1024K, 41 young (41984K), 4 survivors (4096K)
 Metaspace       used 46660K, capacity 47931K, committed 48204K, reserved 1091584K
  class space    used 5987K, capacity 6434K, committed 6528K, reserved 1048576K
}

