# JRE version: OpenJDK Runtime Environment (11.0.10) (build 11.0.10+0-b96-7249189)
# Java VM: OpenJDK 64-Bit Server VM (11.0.10+0-b96-7249189, mixed mode, tiered, compressed oops, g1 gc, windows-amd64)
Heap:
 garbage-first heap   total 138240K, used 56749K [0x0000000080000000, 0x0000000100000000)
  region size 1024K, 2 young (2048K), 2 survivors (2048K)
 Metaspace       used 66012K, capacity 67546K, committed 67788K, reserved 1107968K
  class space    used 8333K, capacity 8885K, committed 8960K, reserved 1048576K
GC Heap History (20 events):
Event: 5.939 GC heap after
{Heap after GC invocations=10 (full 0):
 garbage-first heap   total 78848K, used 20511K [0x0000000080000000, 0x0000000100000000)
  region size 1024K, 4 young (4096K), 4 survivors (4096K)
 Metaspace       used 30442K, capacity 31137K, committed 31232K, reserved 1077248K
  class space    used 4095K, capacity 4343K, committed 4352K, reserved 1048576K
}
Event: 6.515 GC heap before
{Heap before GC invocations=10 (full 0):
 garbage-first heap   total 78848K, used 33823K [0x0000000080000000, 0x0000000100000000)
  region size 1024K, 18 young (18432K), 4 survivors (4096K)
 Metaspace       used 34979K, capacity 35737K, committed 35840K, reserved 1081344K
  class space    used 4536K, capacity 4833K, committed 4864K, reserved 1048576K
}
Event: 6.531 GC heap after
{Heap after GC invocations=11 (full 0):
 garbage-first heap   total 78848K, used 22425K [0x0000000080000000, 0x0000000100000000)
  region size 1024K, 5 young (5120K), 5 survivors (5120K)
 Metaspace       used 34979K, capacity 35737K, committed 35840K, reserved 1081344K
  class space    used 4536K, capacity 4833K, committed 4864K, reserved 1048576K
}
Event: 7.078 GC heap before
{Heap before GC invocations=12 (full 0):
 garbage-first heap   total 78848K, used 51097K [0x0000000080000000, 0x0000000100000000)
  region size 1024K, 33 young (33792K), 5 survivors (5120K)
 Metaspace       used 36867K, capacity 37729K, committed 37836K, reserved 1081344K
  class space    used 4775K, capacity 5088K, committed 5120K, reserved 1048576K
}
Event: 7.093 GC heap after
{Heap after GC invocations=13 (full 0):
 garbage-first heap   total 95232K, used 25131K [0x0000000080000000, 0x0000000100000000)
  region size 1024K, 5 young (5120K), 5 survivors (5120K)
 Metaspace       used 36867K, capacity 37729K, committed 37836K, reserved 1081344K
  class space    used 4775K, capacity 5088K, committed 5120K, reserved 1048576K
}
Event: 7.792 GC heap before
{Heap before GC invocations=13 (full 0):
 garbage-first heap   total 95232K, used 64043K [0x0000000080000000, 0x0000000100000000)
  region size 1024K, 40 young (40960K), 5 survivors (5120K)
 Metaspace       used 39650K, capacity 40596K, committed 40780K, reserved 1085440K
  class space    used 5076K, capacity 5424K, committed 5504K, reserved 1048576K
}
Event: 7.805 GC heap after
{Heap after GC invocations=14 (full 0):
 garbage-first heap   total 95232K, used 27172K [0x0000000080000000, 0x0000000100000000)
  region size 1024K, 5 young (5120K), 5 survivors (5120K)
 Metaspace       used 39650K, capacity 40596K, committed 40780K, reserved 1085440K
  class space    used 5076K, capacity 5424K, committed 5504K, reserved 1048576K
}
Event: 8.554 GC heap before
{Heap before GC invocations=14 (full 0):
 garbage-first heap   total 95232K, used 66084K [0x0000000080000000, 0x0000000100000000)
  region size 1024K, 43 young (44032K), 5 survivors (5120K)
 Metaspace       used 43523K, capacity 44561K, committed 44876K, reserved 1087488K
  class space    used 5565K, capacity 5930K, committed 6016K, reserved 1048576K
}
Event: 8.568 GC heap after
{Heap after GC invocations=15 (full 0):
 garbage-first heap   total 95232K, used 28983K [0x0000000080000000, 0x0000000100000000)
  region size 1024K, 5 young (5120K), 5 survivors (5120K)
 Metaspace       used 43523K, capacity 44561K, committed 44876K, reserved 1087488K
  class space    used 5565K, capacity 5930K, committed 6016K, reserved 1048576K
}
Event: 9.593 GC heap before
{Heap before GC invocations=15 (full 0):
 garbage-first heap   total 95232K, used 67895K [0x0000000080000000, 0x0000000100000000)
  region size 1024K, 43 young (44032K), 5 survivors (5120K)
 Metaspace       used 46328K, capacity 47548K, committed 47820K, reserved 1091584K
  class space    used 5934K, capacity 6370K, committed 6400K, reserved 1048576K
}
Event: 9.610 GC heap after
{Heap after GC invocations=16 (full 0):
 garbage-first heap   total 95232K, used 31593K [0x0000000080000000, 0x0000000100000000)
  region size 1024K, 5 young (5120K), 5 survivors (5120K)
 Metaspace       used 46328K, capacity 47548K, committed 47820K, reserved 1091584K
  class space    used 5934K, capacity 6370K, committed 6400K, reserved 1048576K
}
Event: 10.483 GC heap before
{Heap before GC invocations=16 (full 0):
 garbage-first heap   total 95232K, used 77673K [0x0000000080000000, 0x0000000100000000)
  region size 1024K, 43 young (44032K), 5 survivors (5120K)
 Metaspace       used 47731K, capacity 48987K, committed 49356K, reserved 1091584K
  class space    used 6101K, capacity 6533K, committed 6656K, reserved 1048576K
}
Event: 10.500 GC heap after
{Heap after GC invocations=17 (full 0):
 garbage-first heap   total 114688K, used 47791K [0x0000000080000000, 0x0000000100000000)
  region size 1024K, 6 young (6144K), 6 survivors (6144K)
 Metaspace       used 47731K, capacity 48987K, committed 49356K, reserved 1091584K
  class space    used 6101K, capacity 6533K, committed 6656K, reserved 1048576K
}
Event: 11.356 GC heap before
{Heap before GC invocations=17 (full 0):
 garbage-first heap   total 114688K, used 85679K [0x0000000080000000, 0x0000000100000000)
  region size 1024K, 43 young (44032K), 6 survivors (6144K)
 Metaspace       used 52532K, capacity 53909K, committed 54092K, reserved 1095680K
  class space    used 6715K, capacity 7214K, committed 7296K, reserved 1048576K
}
Event: 11.366 GC heap after
{Heap after GC invocations=18 (full 0):
 garbage-first heap   total 114688K, used 49746K [0x0000000080000000, 0x0000000100000000)
  region size 1024K, 2 young (2048K), 2 survivors (2048K)
 Metaspace       used 52532K, capacity 53909K, committed 54092K, reserved 1095680K
  class space    used 6715K, capacity 7214K, committed 7296K, reserved 1048576K
}
Event: 12.278 GC heap before
{Heap before GC invocations=18 (full 0):
 garbage-first heap   total 114688K, used 85586K [0x0000000080000000, 0x0000000100000000)
  region size 1024K, 38 young (38912K), 2 survivors (2048K)
 Metaspace       used 58621K, capacity 60067K, committed 60236K, reserved 1101824K
  class space    used 7407K, capacity 7940K, committed 8064K, reserved 1048576K
}
Event: 12.286 GC heap after
{Heap after GC invocations=19 (full 0):
 garbage-first heap   total 114688K, used 51345K [0x0000000080000000, 0x0000000100000000)
  region size 1024K, 3 young (3072K), 3 survivors (3072K)
 Metaspace       used 58621K, capacity 60067K, committed 60236K, reserved 1101824K
  class space    used 7407K, capacity 7940K, committed 8064K, reserved 1048576K
}
Event: 13.212 GC heap before
{Heap before GC invocations=20 (full 0):
 garbage-first heap   total 114688K, used 88209K [0x0000000080000000, 0x0000000100000000)
  region size 1024K, 40 young (40960K), 3 survivors (3072K)
 Metaspace       used 62417K, capacity 63956K, committed 64204K, reserved 1105920K
  class space    used 7864K, capacity 8397K, committed 8448K, reserved 1048576K
}
Event: 13.226 GC heap after
{Heap after GC invocations=21 (full 0):
 garbage-first heap   total 114688K, used 54781K [0x0000000080000000, 0x0000000100000000)
  region size 1024K, 5 young (5120K), 5 survivors (5120K)
 Metaspace       used 62417K, capacity 63956K, committed 64204K, reserved 1105920K
  class space    used 7864K, capacity 8397K, committed 8448K, reserved 1048576K
}
Event: 14.155 GC heap before
{Heap before GC invocations=21 (full 0):
 garbage-first heap   total 114688K, used 91645K [0x0000000080000000, 0x0000000100000000)
  region size 1024K, 40 young (40960K), 5 survivors (5120K)
 Metaspace       used 66012K, capacity 67546K, committed 67788K, reserved 1107968K
  class space    used 8333K, capacity 8885K, committed 8960K, reserved 1048576K
}

