# JRE version: OpenJDK Runtime Environment (11.0.10) (build 11.0.10+0-b96-7249189)
# Java VM: OpenJDK 64-Bit Server VM (11.0.10+0-b96-7249189, mixed mode, tiered, compressed oops, g1 gc, windows-amd64)
Heap:
 garbage-first heap   total 114688K, used 80100K [0x0000000080000000, 0x0000000100000000)
  region size 1024K, 37 young (37888K), 6 survivors (6144K)
 Metaspace       used 52218K, capacity 53637K, committed 53760K, reserved 1095680K
  class space    used 6656K, capacity 7144K, committed 7168K, reserved 1048576K
GC Heap History (20 events):
Event: 4.158 GC heap before
{Heap before GC invocations=5 (full 0):
 garbage-first heap   total 65536K, used 32106K [0x0000000080000000, 0x0000000100000000)
  region size 1024K, 18 young (18432K), 2 survivors (2048K)
 Metaspace       used 20588K, capacity 21125K, committed 21248K, reserved 1067008K
  class space    used 2515K, capacity 2721K, committed 2816K, reserved 1048576K
}
Event: 4.163 GC heap after
{Heap after GC invocations=6 (full 0):
 garbage-first heap   total 78848K, used 17077K [0x0000000080000000, 0x0000000100000000)
  region size 1024K, 2 young (2048K), 2 survivors (2048K)
 Metaspace       used 20588K, capacity 21125K, committed 21248K, reserved 1067008K
  class space    used 2515K, capacity 2721K, committed 2816K, reserved 1048576K
}
Event: 4.654 GC heap before
{Heap before GC invocations=7 (full 0):
 garbage-first heap   total 78848K, used 47797K [0x0000000080000000, 0x0000000100000000)
  region size 1024K, 32 young (32768K), 2 survivors (2048K)
 Metaspace       used 23564K, capacity 24219K, committed 24576K, reserved 1071104K
  class space    used 3007K, capacity 3224K, committed 3328K, reserved 1048576K
}
Event: 4.660 GC heap after
{Heap after GC invocations=8 (full 0):
 garbage-first heap   total 78848K, used 17827K [0x0000000080000000, 0x0000000100000000)
  region size 1024K, 3 young (3072K), 3 survivors (3072K)
 Metaspace       used 23564K, capacity 24219K, committed 24576K, reserved 1071104K
  class space    used 3007K, capacity 3224K, committed 3328K, reserved 1048576K
}
Event: 5.163 GC heap before
{Heap before GC invocations=8 (full 0):
 garbage-first heap   total 78848K, used 49571K [0x0000000080000000, 0x0000000100000000)
  region size 1024K, 34 young (34816K), 3 survivors (3072K)
 Metaspace       used 26574K, capacity 27206K, committed 27392K, reserved 1073152K
  class space    used 3506K, capacity 3756K, committed 3840K, reserved 1048576K
}
Event: 5.171 GC heap after
{Heap after GC invocations=9 (full 0):
 garbage-first heap   total 78848K, used 19042K [0x0000000080000000, 0x0000000100000000)
  region size 1024K, 3 young (3072K), 3 survivors (3072K)
 Metaspace       used 26574K, capacity 27206K, committed 27392K, reserved 1073152K
  class space    used 3506K, capacity 3756K, committed 3840K, reserved 1048576K
}
Event: 5.995 GC heap before
{Heap before GC invocations=9 (full 0):
 garbage-first heap   total 78848K, used 50786K [0x0000000080000000, 0x0000000100000000)
  region size 1024K, 34 young (34816K), 3 survivors (3072K)
 Metaspace       used 30303K, capacity 30968K, committed 31232K, reserved 1077248K
  class space    used 4074K, capacity 4305K, committed 4352K, reserved 1048576K
}
Event: 6.003 GC heap after
{Heap after GC invocations=10 (full 0):
 garbage-first heap   total 78848K, used 20337K [0x0000000080000000, 0x0000000100000000)
  region size 1024K, 4 young (4096K), 4 survivors (4096K)
 Metaspace       used 30303K, capacity 30968K, committed 31232K, reserved 1077248K
  class space    used 4074K, capacity 4305K, committed 4352K, reserved 1048576K
}
Event: 6.691 GC heap before
{Heap before GC invocations=10 (full 0):
 garbage-first heap   total 78848K, used 33649K [0x0000000080000000, 0x0000000100000000)
  region size 1024K, 18 young (18432K), 4 survivors (4096K)
 Metaspace       used 34773K, capacity 35613K, committed 35840K, reserved 1081344K
  class space    used 4537K, capacity 4833K, committed 4864K, reserved 1048576K
}
Event: 6.708 GC heap after
{Heap after GC invocations=11 (full 0):
 garbage-first heap   total 78848K, used 22248K [0x0000000080000000, 0x0000000100000000)
  region size 1024K, 5 young (5120K), 5 survivors (5120K)
 Metaspace       used 34773K, capacity 35613K, committed 35840K, reserved 1081344K
  class space    used 4537K, capacity 4833K, committed 4864K, reserved 1048576K
}
Event: 7.302 GC heap before
{Heap before GC invocations=12 (full 0):
 garbage-first heap   total 78848K, used 50920K [0x0000000080000000, 0x0000000100000000)
  region size 1024K, 34 young (34816K), 5 survivors (5120K)
 Metaspace       used 36950K, capacity 37844K, committed 38016K, reserved 1081344K
  class space    used 4787K, capacity 5125K, committed 5248K, reserved 1048576K
}
Event: 7.320 GC heap after
{Heap after GC invocations=13 (full 0):
 garbage-first heap   total 95232K, used 26067K [0x0000000080000000, 0x0000000100000000)
  region size 1024K, 5 young (5120K), 5 survivors (5120K)
 Metaspace       used 36950K, capacity 37844K, committed 38016K, reserved 1081344K
  class space    used 4787K, capacity 5125K, committed 5248K, reserved 1048576K
}
Event: 8.042 GC heap before
{Heap before GC invocations=13 (full 0):
 garbage-first heap   total 95232K, used 63955K [0x0000000080000000, 0x0000000100000000)
  region size 1024K, 40 young (40960K), 5 survivors (5120K)
 Metaspace       used 39673K, capacity 40601K, committed 40832K, reserved 1085440K
  class space    used 5081K, capacity 5424K, committed 5504K, reserved 1048576K
}
Event: 8.057 GC heap after
{Heap after GC invocations=14 (full 0):
 garbage-first heap   total 95232K, used 27909K [0x0000000080000000, 0x0000000100000000)
  region size 1024K, 5 young (5120K), 5 survivors (5120K)
 Metaspace       used 39673K, capacity 40601K, committed 40832K, reserved 1085440K
  class space    used 5081K, capacity 5424K, committed 5504K, reserved 1048576K
}
Event: 8.809 GC heap before
{Heap before GC invocations=14 (full 0):
 garbage-first heap   total 95232K, used 68869K [0x0000000080000000, 0x0000000100000000)
  region size 1024K, 45 young (46080K), 5 survivors (5120K)
 Metaspace       used 43704K, capacity 44782K, committed 44928K, reserved 1087488K
  class space    used 5595K, capacity 5938K, committed 6016K, reserved 1048576K
}
Event: 8.822 GC heap after
{Heap after GC invocations=15 (full 0):
 garbage-first heap   total 95232K, used 29788K [0x0000000080000000, 0x0000000100000000)
  region size 1024K, 5 young (5120K), 5 survivors (5120K)
 Metaspace       used 43704K, capacity 44782K, committed 44928K, reserved 1087488K
  class space    used 5595K, capacity 5938K, committed 6016K, reserved 1048576K
}
Event: 9.816 GC heap before
{Heap before GC invocations=15 (full 0):
 garbage-first heap   total 95232K, used 69724K [0x0000000080000000, 0x0000000100000000)
  region size 1024K, 44 young (45056K), 5 survivors (5120K)
 Metaspace       used 46592K, capacity 47809K, committed 48000K, reserved 1091584K
  class space    used 5971K, capacity 6412K, committed 6528K, reserved 1048576K
}
Event: 9.829 GC heap after
{Heap after GC invocations=16 (full 0):
 garbage-first heap   total 95232K, used 31796K [0x0000000080000000, 0x0000000100000000)
  region size 1024K, 4 young (4096K), 4 survivors (4096K)
 Metaspace       used 46592K, capacity 47809K, committed 48000K, reserved 1091584K
  class space    used 5971K, capacity 6412K, committed 6528K, reserved 1048576K
}
Event: 10.864 GC heap before
{Heap before GC invocations=16 (full 0):
 garbage-first heap   total 95232K, used 78900K [0x0000000080000000, 0x0000000100000000)
  region size 1024K, 43 young (44032K), 4 survivors (4096K)
 Metaspace       used 48033K, capacity 49288K, committed 49408K, reserved 1091584K
  class space    used 6136K, capacity 6610K, committed 6656K, reserved 1048576K
}
Event: 10.881 GC heap after
{Heap after GC invocations=17 (full 0):
 garbage-first heap   total 114688K, used 49380K [0x0000000080000000, 0x0000000100000000)
  region size 1024K, 6 young (6144K), 6 survivors (6144K)
 Metaspace       used 48033K, capacity 49288K, committed 49408K, reserved 1091584K
  class space    used 6136K, capacity 6610K, committed 6656K, reserved 1048576K
}

