# JRE version: OpenJDK Runtime Environment (11.0.10) (build 11.0.10+0-b96-7249189)
# Java VM: OpenJDK 64-Bit Server VM (11.0.10+0-b96-7249189, mixed mode, tiered, compressed oops, g1 gc, windows-amd64)
Heap:
 garbage-first heap   total 114688K, used 52552K [0x0000000080000000, 0x0000000100000000)
  region size 1024K, 14 young (14336K), 5 survivors (5120K)
 Metaspace       used 47451K, capacity 48629K, committed 48716K, reserved 1091584K
  class space    used 6066K, capacity 6511K, committed 6528K, reserved 1048576K
GC Heap History (20 events):
Event: 4.161 GC heap before
{Heap before GC invocations=5 (full 0):
 garbage-first heap   total 65536K, used 32990K [0x0000000080000000, 0x0000000100000000)
  region size 1024K, 19 young (19456K), 2 survivors (2048K)
 Metaspace       used 20587K, capacity 21121K, committed 21248K, reserved 1067008K
  class space    used 2515K, capacity 2721K, committed 2816K, reserved 1048576K
}
Event: 4.167 GC heap after
{Heap after GC invocations=6 (full 0):
 garbage-first heap   total 78848K, used 17076K [0x0000000080000000, 0x0000000100000000)
  region size 1024K, 3 young (3072K), 3 survivors (3072K)
 Metaspace       used 20587K, capacity 21121K, committed 21248K, reserved 1067008K
  class space    used 2515K, capacity 2721K, committed 2816K, reserved 1048576K
}
Event: 4.677 GC heap before
{Heap before GC invocations=7 (full 0):
 garbage-first heap   total 78848K, used 46772K [0x0000000080000000, 0x0000000100000000)
  region size 1024K, 32 young (32768K), 3 survivors (3072K)
 Metaspace       used 23448K, capacity 24084K, committed 24320K, reserved 1071104K
  class space    used 2992K, capacity 3223K, committed 3328K, reserved 1048576K
}
Event: 4.685 GC heap after
{Heap after GC invocations=8 (full 0):
 garbage-first heap   total 78848K, used 17817K [0x0000000080000000, 0x0000000100000000)
  region size 1024K, 3 young (3072K), 3 survivors (3072K)
 Metaspace       used 23448K, capacity 24084K, committed 24320K, reserved 1071104K
  class space    used 2992K, capacity 3223K, committed 3328K, reserved 1048576K
}
Event: 5.463 GC heap before
{Heap before GC invocations=8 (full 0):
 garbage-first heap   total 78848K, used 55705K [0x0000000080000000, 0x0000000100000000)
  region size 1024K, 40 young (40960K), 3 survivors (3072K)
 Metaspace       used 27019K, capacity 27672K, committed 27904K, reserved 1073152K
  class space    used 3577K, capacity 3826K, committed 3840K, reserved 1048576K
}
Event: 5.472 GC heap after
{Heap after GC invocations=9 (full 0):
 garbage-first heap   total 78848K, used 19322K [0x0000000080000000, 0x0000000100000000)
  region size 1024K, 3 young (3072K), 3 survivors (3072K)
 Metaspace       used 27019K, capacity 27672K, committed 27904K, reserved 1073152K
  class space    used 3577K, capacity 3826K, committed 3840K, reserved 1048576K
}
Event: 6.489 GC heap before
{Heap before GC invocations=9 (full 0):
 garbage-first heap   total 78848K, used 56186K [0x0000000080000000, 0x0000000100000000)
  region size 1024K, 39 young (39936K), 3 survivors (3072K)
 Metaspace       used 33932K, capacity 34706K, committed 34944K, reserved 1079296K
  class space    used 4413K, capacity 4681K, committed 4736K, reserved 1048576K
}
Event: 6.500 GC heap after
{Heap after GC invocations=10 (full 0):
 garbage-first heap   total 78848K, used 21929K [0x0000000080000000, 0x0000000100000000)
  region size 1024K, 5 young (5120K), 5 survivors (5120K)
 Metaspace       used 33932K, capacity 34706K, committed 34944K, reserved 1079296K
  class space    used 4413K, capacity 4681K, committed 4736K, reserved 1048576K
}
Event: 6.679 GC heap before
{Heap before GC invocations=10 (full 0):
 garbage-first heap   total 78848K, used 26025K [0x0000000080000000, 0x0000000100000000)
  region size 1024K, 11 young (11264K), 5 survivors (5120K)
 Metaspace       used 34963K, capacity 35737K, committed 35840K, reserved 1081344K
  class space    used 4533K, capacity 4833K, committed 4864K, reserved 1048576K
}
Event: 6.695 GC heap after
{Heap after GC invocations=11 (full 0):
 garbage-first heap   total 78848K, used 22773K [0x0000000080000000, 0x0000000100000000)
  region size 1024K, 1 young (1024K), 1 survivors (1024K)
 Metaspace       used 34963K, capacity 35737K, committed 35840K, reserved 1081344K
  class space    used 4533K, capacity 4833K, committed 4864K, reserved 1048576K
}
Event: 7.201 GC heap before
{Heap before GC invocations=12 (full 0):
 garbage-first heap   total 78848K, used 47349K [0x0000000080000000, 0x0000000100000000)
  region size 1024K, 26 young (26624K), 1 survivors (1024K)
 Metaspace       used 36402K, capacity 37278K, committed 37580K, reserved 1081344K
  class space    used 4701K, capacity 5002K, committed 5120K, reserved 1048576K
}
Event: 7.208 GC heap after
{Heap after GC invocations=13 (full 0):
 garbage-first heap   total 95232K, used 24467K [0x0000000080000000, 0x0000000100000000)
  region size 1024K, 3 young (3072K), 3 survivors (3072K)
 Metaspace       used 36402K, capacity 37278K, committed 37580K, reserved 1081344K
  class space    used 4701K, capacity 5002K, committed 5120K, reserved 1048576K
}
Event: 8.026 GC heap before
{Heap before GC invocations=14 (full 0):
 garbage-first heap   total 95232K, used 60307K [0x0000000080000000, 0x0000000100000000)
  region size 1024K, 36 young (36864K), 3 survivors (3072K)
 Metaspace       used 39190K, capacity 40135K, committed 40396K, reserved 1085440K
  class space    used 5007K, capacity 5355K, committed 5376K, reserved 1048576K
}
Event: 8.036 GC heap after
{Heap after GC invocations=15 (full 0):
 garbage-first heap   total 95232K, used 26525K [0x0000000080000000, 0x0000000100000000)
  region size 1024K, 5 young (5120K), 5 survivors (5120K)
 Metaspace       used 39190K, capacity 40135K, committed 40396K, reserved 1085440K
  class space    used 5007K, capacity 5355K, committed 5376K, reserved 1048576K
}
Event: 8.739 GC heap before
{Heap before GC invocations=15 (full 0):
 garbage-first heap   total 95232K, used 62365K [0x0000000080000000, 0x0000000100000000)
  region size 1024K, 40 young (40960K), 5 survivors (5120K)
 Metaspace       used 42940K, capacity 43931K, committed 44236K, reserved 1087488K
  class space    used 5473K, capacity 5825K, committed 5888K, reserved 1048576K
}
Event: 8.752 GC heap after
{Heap after GC invocations=16 (full 0):
 garbage-first heap   total 95232K, used 27882K [0x0000000080000000, 0x0000000100000000)
  region size 1024K, 4 young (4096K), 4 survivors (4096K)
 Metaspace       used 42940K, capacity 43931K, committed 44236K, reserved 1087488K
  class space    used 5473K, capacity 5825K, committed 5888K, reserved 1048576K
}
Event: 9.463 GC heap before
{Heap before GC invocations=16 (full 0):
 garbage-first heap   total 95232K, used 64746K [0x0000000080000000, 0x0000000100000000)
  region size 1024K, 40 young (40960K), 4 survivors (4096K)
 Metaspace       used 45751K, capacity 46953K, committed 47052K, reserved 1089536K
  class space    used 5878K, capacity 6302K, committed 6400K, reserved 1048576K
}
Event: 9.476 GC heap after
{Heap after GC invocations=17 (full 0):
 garbage-first heap   total 95232K, used 29543K [0x0000000080000000, 0x0000000100000000)
  region size 1024K, 3 young (3072K), 3 survivors (3072K)
 Metaspace       used 45751K, capacity 46953K, committed 47052K, reserved 1089536K
  class space    used 5878K, capacity 6302K, committed 6400K, reserved 1048576K
}
Event: 10.599 GC heap before
{Heap before GC invocations=17 (full 0):
 garbage-first heap   total 95232K, used 72551K [0x0000000080000000, 0x0000000100000000)
  region size 1024K, 40 young (40960K), 3 survivors (3072K)
 Metaspace       used 47111K, capacity 48297K, committed 48460K, reserved 1091584K
  class space    used 6017K, capacity 6445K, committed 6528K, reserved 1048576K
}
Event: 10.614 GC heap after
{Heap after GC invocations=18 (full 0):
 garbage-first heap   total 114688K, used 42312K [0x0000000080000000, 0x0000000100000000)
  region size 1024K, 5 young (5120K), 5 survivors (5120K)
 Metaspace       used 47111K, capacity 48297K, committed 48460K, reserved 1091584K
  class space    used 6017K, capacity 6445K, committed 6528K, reserved 1048576K
}

