# JRE version: OpenJDK Runtime Environment (11.0.10) (build 11.0.10+0-b96-7249189)
# Java VM: OpenJDK 64-Bit Server VM (11.0.10+0-b96-7249189, mixed mode, tiered, compressed oops, g1 gc, windows-amd64)
Heap:
 garbage-first heap   total 139264K, used 99848K [0x0000000080000000, 0x0000000100000000)
  region size 1024K, 41 young (41984K), 3 survivors (3072K)
 Metaspace       used 75362K, capacity 77069K, committed 77208K, reserved 1120256K
  class space    used 9725K, capacity 10351K, committed 10444K, reserved 1048576K
GC Heap History (20 events):
Event: 8.688 GC heap before
{Heap before GC invocations=13 (full 0):
 garbage-first heap   total 95232K, used 67987K [0x0000000080000000, 0x0000000100000000)
  region size 1024K, 45 young (46080K), 5 survivors (5120K)
 Metaspace       used 40524K, capacity 41522K, committed 41676K, reserved 1085440K
  class space    used 5221K, capacity 5597K, committed 5632K, reserved 1048576K
}
Event: 8.702 GC heap after
{Heap after GC invocations=14 (full 0):
 garbage-first heap   total 95232K, used 26931K [0x0000000080000000, 0x0000000100000000)
  region size 1024K, 5 young (5120K), 5 survivors (5120K)
 Metaspace       used 40524K, capacity 41522K, committed 41676K, reserved 1085440K
  class space    used 5221K, capacity 5597K, committed 5632K, reserved 1048576K
}
Event: 9.518 GC heap before
{Heap before GC invocations=14 (full 0):
 garbage-first heap   total 95232K, used 70963K [0x0000000080000000, 0x0000000100000000)
  region size 1024K, 48 young (49152K), 5 survivors (5120K)
 Metaspace       used 44721K, capacity 45850K, committed 46156K, reserved 1089536K
  class space    used 5746K, capacity 6147K, committed 6272K, reserved 1048576K
}
Event: 9.532 GC heap after
{Heap after GC invocations=15 (full 0):
 garbage-first heap   total 95232K, used 28913K [0x0000000080000000, 0x0000000100000000)
  region size 1024K, 5 young (5120K), 5 survivors (5120K)
 Metaspace       used 44721K, capacity 45850K, committed 46156K, reserved 1089536K
  class space    used 5746K, capacity 6147K, committed 6272K, reserved 1048576K
}
Event: 10.739 GC heap before
{Heap before GC invocations=15 (full 0):
 garbage-first heap   total 95232K, used 71921K [0x0000000080000000, 0x0000000100000000)
  region size 1024K, 47 young (48128K), 5 survivors (5120K)
 Metaspace       used 47017K, capacity 48210K, committed 48460K, reserved 1091584K
  class space    used 6008K, capacity 6438K, committed 6528K, reserved 1048576K
}
Event: 10.756 GC heap after
{Heap after GC invocations=16 (full 0):
 garbage-first heap   total 95232K, used 32376K [0x0000000080000000, 0x0000000100000000)
  region size 1024K, 6 young (6144K), 6 survivors (6144K)
 Metaspace       used 47017K, capacity 48210K, committed 48460K, reserved 1091584K
  class space    used 6008K, capacity 6438K, committed 6528K, reserved 1048576K
}
Event: 11.869 GC heap before
{Heap before GC invocations=16 (full 0):
 garbage-first heap   total 95232K, used 80504K [0x0000000080000000, 0x0000000100000000)
  region size 1024K, 46 young (47104K), 6 survivors (6144K)
 Metaspace       used 50243K, capacity 51513K, committed 51660K, reserved 1093632K
  class space    used 6413K, capacity 6883K, committed 6912K, reserved 1048576K
}
Event: 11.887 GC heap after
{Heap after GC invocations=17 (full 0):
 garbage-first heap   total 115712K, used 48362K [0x0000000080000000, 0x0000000100000000)
  region size 1024K, 6 young (6144K), 6 survivors (6144K)
 Metaspace       used 50243K, capacity 51513K, committed 51660K, reserved 1093632K
  class space    used 6413K, capacity 6883K, committed 6912K, reserved 1048576K
}
Event: 12.935 GC heap before
{Heap before GC invocations=17 (full 0):
 garbage-first heap   total 115712K, used 88298K [0x0000000080000000, 0x0000000100000000)
  region size 1024K, 45 young (46080K), 6 survivors (6144K)
 Metaspace       used 56539K, capacity 57954K, committed 58060K, reserved 1099776K
  class space    used 7120K, capacity 7622K, committed 7680K, reserved 1048576K
}
Event: 12.944 GC heap after
{Heap after GC invocations=18 (full 0):
 garbage-first heap   total 115712K, used 50359K [0x0000000080000000, 0x0000000100000000)
  region size 1024K, 2 young (2048K), 2 survivors (2048K)
 Metaspace       used 56539K, capacity 57954K, committed 58060K, reserved 1099776K
  class space    used 7120K, capacity 7622K, committed 7680K, reserved 1048576K
}
Event: 13.311 GC heap before
{Heap before GC invocations=18 (full 0):
 garbage-first heap   total 115712K, used 61623K [0x0000000080000000, 0x0000000100000000)
  region size 1024K, 14 young (14336K), 2 survivors (2048K)
 Metaspace       used 58613K, capacity 60061K, committed 60236K, reserved 1101824K
  class space    used 7411K, capacity 7937K, committed 8064K, reserved 1048576K
}
Event: 13.321 GC heap after
{Heap after GC invocations=19 (full 0):
 garbage-first heap   total 115712K, used 50729K [0x0000000080000000, 0x0000000100000000)
  region size 1024K, 3 young (3072K), 3 survivors (3072K)
 Metaspace       used 58613K, capacity 60061K, committed 60236K, reserved 1101824K
  class space    used 7411K, capacity 7937K, committed 8064K, reserved 1048576K
}
Event: 14.097 GC heap before
{Heap before GC invocations=20 (full 0):
 garbage-first heap   total 115712K, used 84521K [0x0000000080000000, 0x0000000100000000)
  region size 1024K, 36 young (36864K), 3 survivors (3072K)
 Metaspace       used 62035K, capacity 63532K, committed 63640K, reserved 1103872K
  class space    used 7820K, capacity 8363K, committed 8396K, reserved 1048576K
}
Event: 14.115 GC heap after
{Heap after GC invocations=21 (full 0):
 garbage-first heap   total 115712K, used 53941K [0x0000000080000000, 0x0000000100000000)
  region size 1024K, 5 young (5120K), 5 survivors (5120K)
 Metaspace       used 62035K, capacity 63532K, committed 63640K, reserved 1103872K
  class space    used 7820K, capacity 8363K, committed 8396K, reserved 1048576K
}
Event: 14.937 GC heap before
{Heap before GC invocations=22 (full 0):
 garbage-first heap   total 115712K, used 87733K [0x0000000080000000, 0x0000000100000000)
  region size 1024K, 38 young (38912K), 5 survivors (5120K)
 Metaspace       used 65235K, capacity 66747K, committed 66968K, reserved 1107968K
  class space    used 8249K, capacity 8789K, committed 8908K, reserved 1048576K
}
Event: 14.953 GC heap after
{Heap after GC invocations=23 (full 0):
 garbage-first heap   total 139264K, used 55903K [0x0000000080000000, 0x0000000100000000)
  region size 1024K, 2 young (2048K), 2 survivors (2048K)
 Metaspace       used 65235K, capacity 66747K, committed 66968K, reserved 1107968K
  class space    used 8249K, capacity 8789K, committed 8908K, reserved 1048576K
}
Event: 15.652 GC heap before
{Heap before GC invocations=23 (full 0):
 garbage-first heap   total 139264K, used 97887K [0x0000000080000000, 0x0000000100000000)
  region size 1024K, 43 young (44032K), 2 survivors (2048K)
 Metaspace       used 67210K, capacity 68852K, committed 69016K, reserved 1110016K
  class space    used 8483K, capacity 9058K, committed 9164K, reserved 1048576K
}
Event: 15.664 GC heap after
{Heap after GC invocations=24 (full 0):
 garbage-first heap   total 139264K, used 59419K [0x0000000080000000, 0x0000000100000000)
  region size 1024K, 6 young (6144K), 6 survivors (6144K)
 Metaspace       used 67210K, capacity 68852K, committed 69016K, reserved 1110016K
  class space    used 8483K, capacity 9058K, committed 9164K, reserved 1048576K
}
Event: 16.635 GC heap before
{Heap before GC invocations=24 (full 0):
 garbage-first heap   total 139264K, used 101403K [0x0000000080000000, 0x0000000100000000)
  region size 1024K, 47 young (48128K), 6 survivors (6144K)
 Metaspace       used 72263K, capacity 73896K, committed 74136K, reserved 1114112K
  class space    used 9289K, capacity 9884K, committed 9932K, reserved 1048576K
}
Event: 16.651 GC heap after
{Heap after GC invocations=25 (full 0):
 garbage-first heap   total 139264K, used 61960K [0x0000000080000000, 0x0000000100000000)
  region size 1024K, 3 young (3072K), 3 survivors (3072K)
 Metaspace       used 72263K, capacity 73896K, committed 74136K, reserved 1114112K
  class space    used 9289K, capacity 9884K, committed 9932K, reserved 1048576K
}

